
target/riscv64imac-unknown-none-elf/release/OxOS:     file format elf64-littleriscv


Disassembly of section .text:

0000000080000000 <_start>:
    80000000:	10000537          	lui	a0,0x10000
    80000004:	458d                	li	a1,3
    80000006:	00b501a3          	sb	a1,3(a0) # 10000003 <$d+0xfffffa4>
    8000000a:	0035059b          	addiw	a1,a0,3
    8000000e:	4605                	li	a2,1
    80000010:	fec58fa3          	sb	a2,-1(a1)
    80000014:	fec58f23          	sb	a2,-2(a1)
    80000018:	00354603          	lbu	a2,3(a0)
    8000001c:	08066693          	ori	a3,a2,128
    80000020:	00d501a3          	sb	a3,3(a0)
    80000024:	05000693          	li	a3,80
    80000028:	00d50023          	sb	a3,0(a0)
    8000002c:	4689                	li	a3,2
    8000002e:	fed58f23          	sb	a3,-2(a1)
    80000032:	00c501a3          	sb	a2,3(a0)
    80000036:	04800593          	li	a1,72
    8000003a:	00b50023          	sb	a1,0(a0)
    8000003e:	04500593          	li	a1,69
    80000042:	00b50023          	sb	a1,0(a0)
    80000046:	04c00593          	li	a1,76
    8000004a:	00b50023          	sb	a1,0(a0)
    8000004e:	00b50023          	sb	a1,0(a0)
    80000052:	04f00613          	li	a2,79
    80000056:	00c50023          	sb	a2,0(a0)
    8000005a:	05700693          	li	a3,87
    8000005e:	00d50023          	sb	a3,0(a0)
    80000062:	00c50023          	sb	a2,0(a0)
    80000066:	05200613          	li	a2,82
    8000006a:	00c50023          	sb	a2,0(a0)
    8000006e:	00b50023          	sb	a1,0(a0)
    80000072:	04400593          	li	a1,68
    80000076:	00b50023          	sb	a1,0(a0)
    8000007a:	a001                	j	8000007a <_start+0x7a>

Disassembly of section .data:

000000008000007c <.data>:
	...

Disassembly of section .comment:

0000000000000000 <$d-0x5e>:
   0:	694c                	ld	a1,144(a0)
   2:	6b6e                	ld	s6,216(sp)
   4:	7265                	lui	tp,0xffff9
   6:	203a                	fld	ft0,392(sp)
   8:	4c4c                	lw	a1,28(s0)
   a:	2044                	fld	fs1,128(s0)
   c:	3931                	addiw	s2,s2,-20
   e:	312e                	fld	ft2,232(sp)
  10:	372e                	fld	fa4,232(sp)
  12:	2820                	fld	fs0,80(s0)
  14:	6568632f          	vamoandei32.v	v6,(a6),v22,v6,v0.t
  18:	756f6b63          	bltu	t5,s6,76e <$d+0x70f>
  1c:	2f74                	fld	fa3,216(a4)
  1e:	2f637273          	csrrci	tp,0x2f6,6
  22:	6c6c                	ld	a1,216(s0)
  24:	6d76                	ld	s10,344(sp)
  26:	702d                	c.lui	zero,0xfffeb
  28:	6f72                	ld	t5,280(sp)
  2a:	656a                	ld	a0,152(sp)
  2c:	6c2f7463          	bgeu	t5,sp,6f4 <$d+0x695>
  30:	766c                	ld	a1,232(a2)
  32:	206d                	0x206d
  34:	63386537          	lui	a0,0x63386
  38:	3339                	addiw	t1,t1,-18
  3a:	63373863          	0x63373863
  3e:	3136                	fld	ft2,360(sp)
  40:	6631                	lui	a2,0xc
  42:	3132                	fld	ft2,296(sp)
  44:	3964                	fld	fs1,240(a0)
  46:	6462                	ld	s0,24(sp)
  48:	3539                	addiw	a0,a0,-18
  4a:	3031                	0x3031
  4c:	3530                	fld	fa2,104(a0)
  4e:	3336                	fld	ft6,360(sp)
  50:	66323933          	0x66323933
  54:	6334                	ld	a3,64(a4)
  56:	3831                	addiw	a6,a6,-20
  58:	6662                	ld	a2,24(sp)
  5a:	3765                	addiw	a4,a4,-7
  5c:	0029                	c.nop	10

000000000000005e <$d>:
	...

000000000000005f <$d>:
  5f:	7572                	ld	a0,312(sp)
  61:	20637473          	csrrci	s0,0x206,6
  65:	6576                	ld	a0,344(sp)
  67:	7372                	ld	t1,312(sp)
  69:	6f69                	lui	t5,0x1a
  6b:	206e                	fld	ft0,216(sp)
  6d:	2e31                	addiw	t3,t3,12
  6f:	3638                	fld	fa4,104(a2)
  71:	302e                	fld	ft0,232(sp)
  73:	2820                	fld	fs0,80(s0)
  75:	3530                	fld	fa2,104(a0)
  77:	3966                	fld	fs2,120(sp)
  79:	3438                	fld	fa4,104(s0)
  7b:	6636                	ld	a2,328(sp)
  7d:	2038                	fld	fa4,64(s0)
  7f:	3032                	fld	ft0,296(sp)
  81:	3532                	fld	fa0,296(sp)
  83:	302d                	0x302d
  85:	31332d33          	0x31332d33
  89:	0029                	c.nop	10

Disassembly of section .riscv.attributes:

0000000000000000 <.riscv.attributes>:
   0:	3341                	addiw	t1,t1,-16
   2:	0000                	unimp
   4:	7200                	ld	s0,32(a2)
   6:	7369                	lui	t1,0xffffa
   8:	01007663          	bgeu	zero,a6,14 <$d+0x14>
   c:	0029                	c.nop	10
   e:	0000                	unimp
  10:	1004                	addi	s1,sp,32
  12:	7205                	lui	tp,0xfffe1
  14:	3676                	fld	fa2,376(sp)
  16:	6934                	ld	a3,80(a0)
  18:	7032                	0x7032
  1a:	5f31                	li	t5,-20
  1c:	326d                	addiw	tp,tp,-5
  1e:	3070                	fld	fa2,224(s0)
  20:	615f 7032 5f31      	0x5f317032615f
  26:	30703263          	0x30703263
  2a:	7a5f 6d6d 6c75      	0x6c756d6d7a5f
  30:	7031                	c.lui	zero,0xfffec
  32:	0030                	addi	a2,sp,8
